<?xml version="1.0" encoding="UTF-8"?>
<!-- Generated by org.testng.reporters.JUnitReportReporter -->
<testsuite hostname="DESKTOP-JPVJA3L" failures="0" tests="3" name="com.xyz.qa.Testcases.BankManagerLoginPageTest" time="29.348" errors="0" timestamp="07 Mar 2024 05:10:11 GMT" skipped="0">
  <testcase classname="com.xyz.qa.Testcases.BankManagerLoginPageTest" name="BankManagerLoginTitleTest" time="15.561"/>
  <testcase classname="com.xyz.qa.Testcases.BankManagerLoginPageTest" name="xyzLogoTest" time="6.617"/>
  <testcase classname="com.xyz.qa.Testcases.BankManagerLoginPageTest" name="ManagerLoginTest" time="7.170"/>
</testsuite> <!-- com.xyz.qa.Testcases.BankManagerLoginPageTest -->
