<?xml version="1.0" encoding="UTF-8"?>
<!-- Generated by org.testng.reporters.JUnitReportReporter -->
<testsuite hostname="DESKTOP-JPVJA3L" failures="0" tests="2" name="com.xyz.qa.Testcases.CustomerLogoutTest" time="34.588" errors="0" timestamp="07 Mar 2024 05:27:33 GMT" skipped="0">
  <testcase classname="com.xyz.qa.Testcases.CustomerLogoutTest" name="BankManagerHomeTitleTest" time="26.323"/>
  <testcase classname="com.xyz.qa.Testcases.CustomerLogoutTest" name="LogoutTest" time="8.265"/>
</testsuite> <!-- com.xyz.qa.Testcases.CustomerLogoutTest -->
