<?xml version="1.0" encoding="UTF-8"?>
<!-- Generated by org.testng.reporters.JUnitReportReporter -->
<testsuite hostname="DESKTOP-JPVJA3L" failures="0" tests="8" name="com.xyz.qa.Testcases.WithdrwalPageTest" time="126.615" errors="0" timestamp="06 Mar 2024 19:09:02 GMT" skipped="0">
  <testcase classname="com.xyz.qa.Testcases.WithdrwalPageTest" name="BankManagerHomeTitleTest" time="11.812"/>
  <testcase classname="com.xyz.qa.Testcases.WithdrwalPageTest" name="checkbalencebefore" time="15.361"/>
  <testcase classname="com.xyz.qa.Testcases.WithdrwalPageTest" name="WithdrawValidAmt" time="8.294"/>
  <testcase classname="com.xyz.qa.Testcases.WithdrwalPageTest" name="DepositNegativeAmt" time="9.753"/>
  <testcase classname="com.xyz.qa.Testcases.WithdrwalPageTest" name="DepositZeroAmt" time="9.121"/>
  <testcase classname="com.xyz.qa.Testcases.WithdrwalPageTest" name="DepositBlankAmt" time="21.977"/>
  <testcase classname="com.xyz.qa.Testcases.WithdrwalPageTest" name="DeposittenraisetopowAmt" time="39.560"/>
  <testcase classname="com.xyz.qa.Testcases.WithdrwalPageTest" name="checkbalenceafter" time="10.737"/>
</testsuite> <!-- com.xyz.qa.Testcases.WithdrwalPageTest -->
