<?xml version="1.0" encoding="UTF-8"?>
<!-- Generated by org.testng.reporters.JUnitReportReporter -->
<testsuite hostname="DESKTOP-JPVJA3L" failures="0" tests="6" name="com.xyz.qa.Testcases.CustomerHomePageTest" time="61.250" errors="0" timestamp="06 Mar 2024 09:36:46 GMT" skipped="0">
  <testcase classname="com.xyz.qa.Testcases.CustomerHomePageTest" name="CustomerHomeTitleTest" time="10.420"/>
  <testcase classname="com.xyz.qa.Testcases.CustomerHomePageTest" name="CustomerNameTest" time="14.292"/>
  <testcase classname="com.xyz.qa.Testcases.CustomerHomePageTest" name="AccountNumberTest" time="11.942"/>
  <testcase classname="com.xyz.qa.Testcases.CustomerHomePageTest" name="TransactionBtn" time="7.198"/>
  <testcase classname="com.xyz.qa.Testcases.CustomerHomePageTest" name="DepositBtn" time="6.834"/>
  <testcase classname="com.xyz.qa.Testcases.CustomerHomePageTest" name="WithdrawalBtn" time="10.564"/>
</testsuite> <!-- com.xyz.qa.Testcases.CustomerHomePageTest -->
