<?xml version="1.0" encoding="UTF-8"?>
<!-- Generated by org.testng.reporters.JUnitReportReporter -->
<testsuite hostname="DESKTOP-JPVJA3L" failures="0" tests="3" name="com.xyz.qa.Testcases.CustomerLoginPageTest" time="38.075" errors="0" timestamp="07 Mar 2024 04:51:15 GMT" skipped="0">
  <testcase classname="com.xyz.qa.Testcases.CustomerLoginPageTest" name="CustomerLoginTitleTest" time="21.862"/>
  <testcase classname="com.xyz.qa.Testcases.CustomerLoginPageTest" name="xyzLogoTest" time="8.585"/>
  <testcase classname="com.xyz.qa.Testcases.CustomerLoginPageTest" name="CustomerLoginTest" time="7.628"/>
</testsuite> <!-- com.xyz.qa.Testcases.CustomerLoginPageTest -->
