<?xml version="1.0" encoding="UTF-8"?>
<!-- Generated by org.testng.reporters.JUnitReportReporter -->
<testsuite hostname="DESKTOP-JPVJA3L" failures="0" tests="3" name="com.xyz.qa.Testcases.BankManagerLoginPageTest" time="36.311" errors="0" timestamp="07 Mar 2024 19:02:19 GMT" skipped="0">
  <testcase classname="com.xyz.qa.Testcases.BankManagerLoginPageTest" name="BankManagerLoginTitleTest" time="21.845"/>
  <testcase classname="com.xyz.qa.Testcases.BankManagerLoginPageTest" name="xyzLogoTest" time="6.082"/>
  <testcase classname="com.xyz.qa.Testcases.BankManagerLoginPageTest" name="ManagerLoginTest" time="8.384"/>
</testsuite> <!-- com.xyz.qa.Testcases.BankManagerLoginPageTest -->
