<?xml version="1.0" encoding="UTF-8"?>
<!-- Generated by org.testng.reporters.JUnitReportReporter -->
<testsuite hostname="DESKTOP-JPVJA3L" failures="0" tests="4" name="com.xyz.qa.Testcases.BankManagerHomePageTest" time="27.640" errors="0" timestamp="07 Mar 2024 05:10:11 GMT" skipped="0">
  <testcase classname="com.xyz.qa.Testcases.BankManagerHomePageTest" name="BankManagerHomeTitleTest" time="6.900"/>
  <testcase classname="com.xyz.qa.Testcases.BankManagerHomePageTest" name="AddCustbtn" time="6.765"/>
  <testcase classname="com.xyz.qa.Testcases.BankManagerHomePageTest" name="openAccountbtn" time="5.996"/>
  <testcase classname="com.xyz.qa.Testcases.BankManagerHomePageTest" name="customerListbtn" time="7.979"/>
</testsuite> <!-- com.xyz.qa.Testcases.BankManagerHomePageTest -->
