<?xml version="1.0" encoding="UTF-8"?>
<!-- Generated by org.testng.reporters.JUnitReportReporter -->
<testsuite hostname="DESKTOP-JPVJA3L" failures="0" tests="5" name="com.xyz.qa.Testcases.OpenAccountTest" time="42.055" errors="0" timestamp="07 Mar 2024 19:02:19 GMT" skipped="0">
  <testcase classname="com.xyz.qa.Testcases.OpenAccountTest" name="OpenAccountTitleTest" time="7.250"/>
  <testcase classname="com.xyz.qa.Testcases.OpenAccountTest" name="ValidopenAccount" time="7.893"/>
  <testcase classname="com.xyz.qa.Testcases.OpenAccountTest" name="InvalidopenAccountwithselectcustomer" time="9.498"/>
  <testcase classname="com.xyz.qa.Testcases.OpenAccountTest" name="InvalidopenAccountwithcurrency" time="9.551"/>
  <testcase classname="com.xyz.qa.Testcases.OpenAccountTest" name="InvalidopenAccountwithblank" time="7.863"/>
</testsuite> <!-- com.xyz.qa.Testcases.OpenAccountTest -->
