<?xml version="1.0" encoding="UTF-8"?>
<!-- Generated by org.testng.reporters.JUnitReportReporter -->
<testsuite hostname="DESKTOP-JPVJA3L" failures="0" tests="5" name="com.xyz.qa.Testcases.OpenAccountTest" time="51.366" errors="0" timestamp="07 Mar 2024 05:10:11 GMT" skipped="0">
  <testcase classname="com.xyz.qa.Testcases.OpenAccountTest" name="OpenAccountTitleTest" time="8.447"/>
  <testcase classname="com.xyz.qa.Testcases.OpenAccountTest" name="ValidopenAccount" time="9.455"/>
  <testcase classname="com.xyz.qa.Testcases.OpenAccountTest" name="InvalidopenAccountwithselectcustomer" time="10.029"/>
  <testcase classname="com.xyz.qa.Testcases.OpenAccountTest" name="InvalidopenAccountwithcurrency" time="13.475"/>
  <testcase classname="com.xyz.qa.Testcases.OpenAccountTest" name="InvalidopenAccountwithblank" time="9.960"/>
</testsuite> <!-- com.xyz.qa.Testcases.OpenAccountTest -->
