<?xml version="1.0" encoding="UTF-8"?>
<!-- Generated by org.testng.reporters.JUnitReportReporter -->
<testsuite hostname="DESKTOP-JPVJA3L" failures="0" tests="9" name="com.xyz.qa.Testcases.CustomerPageTest" time="73.240" errors="0" timestamp="07 Mar 2024 19:02:19 GMT" skipped="0">
  <testcase classname="com.xyz.qa.Testcases.CustomerPageTest" name="OpenAccountTitleTest" time="6.048"/>
  <testcase classname="com.xyz.qa.Testcases.CustomerPageTest" name="searchCustomerusingfirstName" time="8.700"/>
  <testcase classname="com.xyz.qa.Testcases.CustomerPageTest" name="searchCustomerusingLastName" time="7.495"/>
  <testcase classname="com.xyz.qa.Testcases.CustomerPageTest" name="searchCustomerusingPostCode" time="6.955"/>
  <testcase classname="com.xyz.qa.Testcases.CustomerPageTest" name="searchCustomerusingAccNumber" time="7.768"/>
  <testcase classname="com.xyz.qa.Testcases.CustomerPageTest" name="DeleteSearchedCustomer" time="6.771"/>
  <testcase classname="com.xyz.qa.Testcases.CustomerPageTest" name="SortingUsingFirstName" time="7.299"/>
  <testcase classname="com.xyz.qa.Testcases.CustomerPageTest" name="SortingUsingLastName" time="9.612"/>
  <testcase classname="com.xyz.qa.Testcases.CustomerPageTest" name="SortingUsingpost" time="12.592"/>
</testsuite> <!-- com.xyz.qa.Testcases.CustomerPageTest -->
