<?xml version="1.0" encoding="UTF-8"?>
<!-- Generated by org.testng.reporters.JUnitReportReporter -->
<testsuite hostname="DESKTOP-JPVJA3L" failures="0" tests="6" name="com.xyz.qa.Testcases.CustomerHomePageTest" time="84.350" errors="0" timestamp="07 Mar 2024 19:02:19 GMT" skipped="0">
  <testcase classname="com.xyz.qa.Testcases.CustomerHomePageTest" name="CustomerHomeTitleTest" time="9.165"/>
  <testcase classname="com.xyz.qa.Testcases.CustomerHomePageTest" name="CustomerNameTest" time="33.684"/>
  <testcase classname="com.xyz.qa.Testcases.CustomerHomePageTest" name="AccountNumberTest" time="10.393"/>
  <testcase classname="com.xyz.qa.Testcases.CustomerHomePageTest" name="TransactionBtn" time="7.405"/>
  <testcase classname="com.xyz.qa.Testcases.CustomerHomePageTest" name="DepositBtn" time="6.172"/>
  <testcase classname="com.xyz.qa.Testcases.CustomerHomePageTest" name="WithdrawalBtn" time="17.531"/>
</testsuite> <!-- com.xyz.qa.Testcases.CustomerHomePageTest -->
