<?xml version="1.0" encoding="UTF-8"?>
<!-- Generated by org.testng.reporters.JUnitReportReporter -->
<testsuite hostname="DESKTOP-JPVJA3L" failures="0" tests="9" name="com.xyz.qa.Testcases.CustomerPageTest" time="97.103" errors="0" timestamp="07 Mar 2024 05:10:11 GMT" skipped="0">
  <testcase classname="com.xyz.qa.Testcases.CustomerPageTest" name="OpenAccountTitleTest" time="8.547"/>
  <testcase classname="com.xyz.qa.Testcases.CustomerPageTest" name="searchCustomerusingfirstName" time="7.561"/>
  <testcase classname="com.xyz.qa.Testcases.CustomerPageTest" name="searchCustomerusingLastName" time="9.011"/>
  <testcase classname="com.xyz.qa.Testcases.CustomerPageTest" name="searchCustomerusingPostCode" time="7.733"/>
  <testcase classname="com.xyz.qa.Testcases.CustomerPageTest" name="searchCustomerusingAccNumber" time="11.152"/>
  <testcase classname="com.xyz.qa.Testcases.CustomerPageTest" name="DeleteSearchedCustomer" time="7.284"/>
  <testcase classname="com.xyz.qa.Testcases.CustomerPageTest" name="SortingUsingFirstName" time="11.646"/>
  <testcase classname="com.xyz.qa.Testcases.CustomerPageTest" name="SortingUsingLastName" time="11.065"/>
  <testcase classname="com.xyz.qa.Testcases.CustomerPageTest" name="SortingUsingpost" time="23.104"/>
</testsuite> <!-- com.xyz.qa.Testcases.CustomerPageTest -->
