<?xml version="1.0" encoding="UTF-8"?>
<!-- Generated by org.testng.reporters.JUnitReportReporter -->
<testsuite hostname="DESKTOP-JPVJA3L" failures="0" tests="3" name="com.xyz.qa.Testcases.CustomerLoginPageTest" time="78.719" errors="0" timestamp="07 Mar 2024 19:02:19 GMT" skipped="0">
  <testcase classname="com.xyz.qa.Testcases.CustomerLoginPageTest" name="CustomerLoginTitleTest" time="14.375"/>
  <testcase classname="com.xyz.qa.Testcases.CustomerLoginPageTest" name="xyzLogoTest" time="7.232"/>
  <testcase classname="com.xyz.qa.Testcases.CustomerLoginPageTest" name="CustomerLoginTest" time="57.112"/>
</testsuite> <!-- com.xyz.qa.Testcases.CustomerLoginPageTest -->
