<?xml version="1.0" encoding="UTF-8"?>
<!-- Generated by org.testng.reporters.JUnitReportReporter -->
<testsuite hostname="DESKTOP-JPVJA3L" failures="0" tests="2" name="com.xyz.qa.Testcases.ManagerLogoutTest" time="19.030" errors="0" timestamp="06 Mar 2024 16:19:03 GMT" skipped="0">
  <testcase classname="com.xyz.qa.Testcases.ManagerLogoutTest" name="BankManagerHomeTitleTest" time="8.789"/>
  <testcase classname="com.xyz.qa.Testcases.ManagerLogoutTest" name="LogoutTest" time="10.241"/>
</testsuite> <!-- com.xyz.qa.Testcases.ManagerLogoutTest -->
