<?xml version="1.0" encoding="UTF-8"?>
<!-- Generated by org.testng.reporters.JUnitReportReporter -->
<testsuite hostname="DESKTOP-JPVJA3L" failures="0" tests="4" name="com.xyz.qa.Testcases.BankManagerHomePageTest" time="34.008" errors="0" timestamp="07 Mar 2024 19:02:19 GMT" skipped="0">
  <testcase classname="com.xyz.qa.Testcases.BankManagerHomePageTest" name="BankManagerHomeTitleTest" time="9.237"/>
  <testcase classname="com.xyz.qa.Testcases.BankManagerHomePageTest" name="AddCustbtn" time="7.521"/>
  <testcase classname="com.xyz.qa.Testcases.BankManagerHomePageTest" name="openAccountbtn" time="6.986"/>
  <testcase classname="com.xyz.qa.Testcases.BankManagerHomePageTest" name="customerListbtn" time="10.264"/>
</testsuite> <!-- com.xyz.qa.Testcases.BankManagerHomePageTest -->
