<?xml version="1.0" encoding="UTF-8"?>
<!-- Generated by org.testng.reporters.JUnitReportReporter -->
<testsuite hostname="DESKTOP-JPVJA3L" failures="0" tests="8" name="com.xyz.qa.Testcases.DepositsPageTest" time="89.776" errors="0" timestamp="06 Mar 2024 18:49:19 GMT" skipped="0">
  <testcase classname="com.xyz.qa.Testcases.DepositsPageTest" name="BankManagerHomeTitleTest" time="7.168"/>
  <testcase classname="com.xyz.qa.Testcases.DepositsPageTest" name="checkbalencebefore" time="11.618"/>
  <testcase classname="com.xyz.qa.Testcases.DepositsPageTest" name="DepositValidAmt" time="11.560"/>
  <testcase classname="com.xyz.qa.Testcases.DepositsPageTest" name="DepositNegativeAmt" time="11.889"/>
  <testcase classname="com.xyz.qa.Testcases.DepositsPageTest" name="DepositZeroAmt" time="11.926"/>
  <testcase classname="com.xyz.qa.Testcases.DepositsPageTest" name="DepositBlankAmt" time="14.174"/>
  <testcase classname="com.xyz.qa.Testcases.DepositsPageTest" name="DeposittenraisetopowAmt" time="12.046"/>
  <testcase classname="com.xyz.qa.Testcases.DepositsPageTest" name="checkbalenceafter" time="9.395"/>
</testsuite> <!-- com.xyz.qa.Testcases.DepositsPageTest -->
