<?xml version="1.0" encoding="UTF-8"?>
<!-- Generated by org.testng.reporters.JUnitReportReporter -->
<testsuite hostname="DESKTOP-JPVJA3L" failures="0" tests="3" name="com.xyz.qa.Testcases.BankManagerLoginPageTest" time="22.290" errors="0" timestamp="07 Mar 2024 07:21:52 GMT" skipped="0">
  <testcase classname="com.xyz.qa.Testcases.BankManagerLoginPageTest" name="BankManagerLoginTitleTest" time="7.098"/>
  <testcase classname="com.xyz.qa.Testcases.BankManagerLoginPageTest" name="xyzLogoTest" time="7.277"/>
  <testcase classname="com.xyz.qa.Testcases.BankManagerLoginPageTest" name="ManagerLoginTest" time="7.915"/>
</testsuite> <!-- com.xyz.qa.Testcases.BankManagerLoginPageTest -->
